warning: fields `duration_ms`, `width`, `height`, `fps_num`, and `fps_den` are never read
  --> core-server\src\renderer\mediafoundation.rs:48:9
   |
47 | pub(crate) struct VideoInfo {
   |                   --------- fields in this struct
48 |     pub duration_ms: u64,
   |         ^^^^^^^^^^^
49 |     pub width: u32,
   |         ^^^^^
50 |     pub height: u32,
   |         ^^^^^^
51 |     pub fps_num: u32,
   |         ^^^^^^^
52 |     pub fps_den: u32,
   |         ^^^^^^^
   |
   = note: `VideoInfo` has derived impls for the traits `Debug` and `Clone`, but these are intentionally ignored during dead code analysis
   = note: `#[warn(dead_code)]` (part of `#[warn(unused)]`) on by default

warning: fields `reader`, `info`, `bitmap`, `staging`, and `eof` are never read
  --> core-server\src\renderer\mediafoundation.rs:60:5
   |
59 | pub(crate) struct VideoSource {
   |                   ----------- fields in this struct
60 |     reader: IMFSourceReader,
   |     ^^^^^^
61 |     info: VideoInfo,
   |     ^^^^
...
64 |     pub(crate) bitmap: BitmapHandle,
   |                ^^^^^^
...
67 |     staging: Vec<u8>,
   |     ^^^^^^^
...
72 |     eof: bool,
   |     ^^^

warning: methods `info`, `seek`, and `read_next_frame` are never used
   --> core-server\src\renderer\mediafoundation.rs:207:19
    |
105 | impl VideoSource {
    | ---------------- methods in this implementation
...
207 |     pub(crate) fn info(&self) -> VideoInfo {
    |                   ^^^^
...
212 |     pub(crate) fn seek(&mut self, time_ms: u64) -> RendererResult<()> {
    |                   ^^^^
...
232 |     pub(crate) fn read_next_frame(&mut self) -> RendererResult<(&[u8],...
    |                   ^^^^^^^^^^^^^^^

warning: function `make_propvariant_u8` is never used
   --> core-server\src\renderer\mediafoundation.rs:374:4
    |
374 | fn make_propvariant_u8(ticks: u64) -> PROPVARIANT {
    |    ^^^^^^^^^^^^^^^^^^^

warning: fields `width`, `height`, and `updatable` are never read
   --> core-server\src\renderer\painter.rs:167:9
    |
165 | pub(crate) struct BitmapResource {
    |                   -------------- fields in this struct
166 |     pub bitmap: ID2D1Bitmap1,
167 |     pub width: u32,
    |         ^^^^^
168 |     pub height: u32,
    |         ^^^^^^
...
171 |     pub updatable: bool,
    |         ^^^^^^^^^

warning: field `wic` is never read
   --> core-server\src\renderer\painter.rs:196:5
    |
175 | pub(crate) struct D2DEngine {
    |                   --------- field in this struct
...
196 |     wic: WicDecoder,
    |     ^^^

warning: multiple associated items are never used
   --> core-server\src\renderer\painter.rs:208:19
    |
207 | impl D2DEngine {
    | -------------- associated items in this implementation
208 |     pub(crate) fn create(d3d11_device: &ID3D11Device) -> RendererResul...
    |                   ^^^^^^
...
259 |     pub(crate) fn create_target_bitmap(
    |                   ^^^^^^^^^^^^^^^^^^^^
...
417 |     pub(crate) fn load_bitmap_from_memory(&self, bytes: &[u8]) -> Rend...
    |                   ^^^^^^^^^^^^^^^^^^^^^^^
...
451 |     pub(crate) fn create_texture(
    |                   ^^^^^^^^^^^^^^
...
502 |     pub(crate) fn update_texture(
    |                   ^^^^^^^^^^^^^^
...
582 |     pub(crate) fn get_bitmap_size(&self, h: BitmapHandle) -> RendererR...
    |                   ^^^^^^^^^^^^^^^
...
589 |     pub(crate) fn destroy_bitmap(&self, h: BitmapHandle) -> RendererRe...
    |                   ^^^^^^^^^^^^^^

warning: function `swizzle_rgba_to_bgra` is never used
   --> core-server\src\renderer\painter.rs:598:4
    |
598 | fn swizzle_rgba_to_bgra(bytes: &[u8], width: u32, height: u32, stride:...
    |    ^^^^^^^^^^^^^^^^^^^^

warning: associated items `new` and `set_viewport_origin` are never used
   --> core-server\src\renderer\painter.rs:634:19
    |
633 | impl<'a> Painter<'a> {
    | -------------------- associated items in this implementation
634 |     pub(crate) fn new(engine: &'a D2DEngine, size: (u32, u32)) -> Self {
    |                   ^^^
...
644 |     pub(crate) fn set_viewport_origin(&mut self, vx: f32, vy: f32) {
    |                   ^^^^^^^^^^^^^^^^^^^

warning: field `factory` is never read
  --> core-server\src\renderer\wic.rs:54:5
   |
53 | pub(crate) struct WicDecoder {
   |                   ---------- field in this struct
54 |     factory: IWICImagingFactory,
   |     ^^^^^^^

warning: associated items `create` and `decode_to_pbgra` are never used
  --> core-server\src\renderer\wic.rs:58:19
   |
57 | impl WicDecoder {
   | --------------- associated items in this implementation
58 |     pub(crate) fn create() -> RendererResult<Self> {
   |                   ^^^^^^
...
85 |     pub(crate) fn decode_to_pbgra(&self, bytes: &[u8]) -> RendererResul...
   |                   ^^^^^^^^^^^^^^^

warning: `core-server` (lib test) generated 11 warnings
    Finished `test` profile [unoptimized + debuginfo] target(s) in 0.09s
     Running unittests src\lib.rs (target\debug\deps\core_server-da707a4d65718b72.exe)

running 26 tests
test ipc::cmd_decoder::tests::mixed_push_fill_pop_stream_decodes_in_order ... ok
test ipc::cmd_decoder::tests::push_space_world_decodes_to_pushspace_world ... ok
test renderer::mediafoundation::tests::ticks_100ns_conversions_round_trip_basic ... ok
test renderer::resources::tests::insert_get_remove_basic ... ok
test ipc::cmd_decoder::tests::stream_without_push_or_pop_decodes_exactly_as_before ... ok
test ipc::cmd_decoder::tests::push_space_monitor_local_decodes_to_pushspace_monitor_local ... ok
test renderer::resources::tests::aba_protection_after_remove_old_handle_invalid ... ok
test renderer::resources::tests::capacity_exhaustion_returns_resource_limit ... ok
test renderer::resources::tests::double_remove_is_safe ... ok
test renderer::resources::tests::free_list_reuse_works ... ok
test ipc::cmd_decoder::tests::push_space_with_unknown_space_id_is_skipped_not_fatal ... ok
test ipc::cmd_decoder::tests::pop_space_decodes_to_popspace ... ok
test ipc::cmd_decoder::tests::space_id_from_u32_round_trip ... ok
test renderer::resources::tests::zero_handle_always_invalid ... ok
test server_task::tests::record_render_duration_partial_window_never_warns ... ok
test server_task::tests::record_render_duration_full_window_over_threshold_warns ... ok
test server_task::tests::record_render_duration_bounds_window_size ... ok
test server_task::tests::record_render_duration_below_threshold_does_not_warn ... ok
test server_task::tests::scan_targets_empty_stream_is_all_false ... ok
test server_task::tests::scan_targets_mixed_stream_sets_both ... ok
test server_task::tests::scan_targets_monitor_local_region_sets_local_used ... ok
test server_task::tests::scan_targets_nested_spaces_uses_top_of_stack ... ok
test server_task::tests::scan_targets_pop_on_empty_stack_tolerates_misuse ... ok
test server_task::tests::scan_targets_world_only_stream_sets_world_used ... ok
test server_task::tests::scan_targets_push_world_stays_world ... ok
test renderer::mediafoundation::tests::open_file_nonexistent_path_returns_video_open_error ... ok

test result: ok. 26 passed; 0 failed; 0 ignored; 0 measured; 0 filtered out; finished in 0.01s

